[0.008s] Invoking command in '/home/jialuyu/ws/hw2/src/homework2-NuCapybara/build/turtle_brick_interfaces': CMAKE_PREFIX_PATH=${CMAKE_PREFIX_PATH}:/home/jialuyu/ws/hw2/install/turtle_brick:/opt/ros/iron PS1=\[\e]0;\u@\h: \w\a\]${debian_chroot:+($debian_chroot)}\[\033[01;32m\]\u@\h\[\033[00m\]:\[\033[01;34m\]\w\[\033[00m\]$(__git_ps1 "(%s)") \$ /usr/bin/cmake /home/jialuyu/ws/hw2/src/homework2-NuCapybara/turtle_brick_interfaces -DAMENT_CMAKE_SYMLINK_INSTALL=1 -DCMAKE_INSTALL_PREFIX=/home/jialuyu/ws/hw2/src/homework2-NuCapybara/install/turtle_brick_interfaces
[0.082s] -- The C compiler identification is GNU 11.4.0
[0.142s] -- The CXX compiler identification is GNU 11.4.0
[0.148s] -- Detecting C compiler ABI info
[0.202s] -- Detecting C compiler ABI info - done
[0.210s] -- Check for working C compiler: /usr/bin/cc - skipped
[0.210s] -- Detecting C compile features
[0.211s] -- Detecting C compile features - done
[0.213s] -- Detecting CXX compiler ABI info
[0.276s] -- Detecting CXX compiler ABI info - done
[0.281s] -- Check for working CXX compiler: /usr/bin/c++ - skipped
[0.281s] -- Detecting CXX compile features
[0.281s] -- Detecting CXX compile features - done
[0.283s] -- Found ament_cmake: 2.0.3 (/opt/ros/iron/share/ament_cmake/cmake)
[0.390s] -- Found Python3: /usr/bin/python3.10 (found version "3.10.12") found components: Interpreter 
[0.429s] -- Override CMake install command with custom implementation using symlinks instead of copying resources
[0.452s] -- Found rosidl_default_generators: 1.5.0 (/opt/ros/iron/share/rosidl_default_generators/cmake)
[0.456s] -- Using all available rosidl_typesupport_c: rosidl_typesupport_fastrtps_c;rosidl_typesupport_introspection_c
[0.488s] -- Using all available rosidl_typesupport_cpp: rosidl_typesupport_fastrtps_cpp;rosidl_typesupport_introspection_cpp
[0.518s] -- Found rosidl_adapter: 4.0.1 (/opt/ros/iron/share/rosidl_adapter/cmake)
[0.523s] -- Found turtlesim: 1.6.1 (/opt/ros/iron/share/turtlesim/cmake)
[0.719s] [31mCMake Error at /opt/ros/iron/share/rosidl_cmake/cmake/rosidl_generate_interfaces.cmake:95 (message):
[0.719s]   rosidl_generate_interfaces() the passed file 'srv/Waypoints.srv' doesn't
[0.719s]   exist relative to the CMAKE_CURRENT_SOURCE_DIR
[0.719s]   '/home/jialuyu/ws/hw2/src/homework2-NuCapybara/turtle_brick_interfaces'
[0.720s] Call Stack (most recent call first):
[0.720s]   CMakeLists.txt:18 (rosidl_generate_interfaces)
[0.720s] 
[0.720s] [0m
[0.720s] -- Configuring incomplete, errors occurred!
[0.720s] See also "/home/jialuyu/ws/hw2/src/homework2-NuCapybara/build/turtle_brick_interfaces/CMakeFiles/CMakeOutput.log".
[0.724s] Invoked command in '/home/jialuyu/ws/hw2/src/homework2-NuCapybara/build/turtle_brick_interfaces' returned '1': CMAKE_PREFIX_PATH=${CMAKE_PREFIX_PATH}:/home/jialuyu/ws/hw2/install/turtle_brick:/opt/ros/iron PS1=\[\e]0;\u@\h: \w\a\]${debian_chroot:+($debian_chroot)}\[\033[01;32m\]\u@\h\[\033[00m\]:\[\033[01;34m\]\w\[\033[00m\]$(__git_ps1 "(%s)") \$ /usr/bin/cmake /home/jialuyu/ws/hw2/src/homework2-NuCapybara/turtle_brick_interfaces -DAMENT_CMAKE_SYMLINK_INSTALL=1 -DCMAKE_INSTALL_PREFIX=/home/jialuyu/ws/hw2/src/homework2-NuCapybara/install/turtle_brick_interfaces
